ARCHIVE->PACKAGE_ARCHIVE
ARCHIVEROOT->ARCHIVE_ROOT
BACKUP_PATH->SIDECAR_BACKUP_PATH
BUILDER->BUILDER
BUILDERDIR->BUILDER_DIR
BUILD_DIR->BUILD_ROOT
CATCH_CAUGHT->GGLIB_CATCH_CAUGHT
CATCH_LOGFILE->GGLIB_CATCH_LOGFILE
CHECKER_DIR->CONFIG_CHECKER_DIR
CMD_ARGS->CMD_ARGS
CONFDIR->BUILD_CONFIG_DIR
DISTCLEAN->BUILD_MAKE_DISTCLEAN
DISTRIBUTEDIR->DISTRIBUTE_DIR
DST_GROUP->SIDECAR_GROUP
DST_USER->SIDECAR_USER
LIBDIRS->LIB_SEARCH_PATH
LINK->PACKAGE_DOWNLOAD_LINK
LOCAL_DST->STAGING_AREA
LOGDIR->LOG_DIR
LOGROOT->LOG_ROOT
NAS->TRUENAS
OPT_ALL->BUILD_OPT_ALL
OPT_ARGS->BUILD_OPT_ARGS
OPT_PARSED->BUILD_OPT_PARSED
ORIG_CMD_ARGS->
PACKAGE->PACKAGE_NAME
PACKAGEROOT->PACKAGE_ROOT
PARSED_OPTS->BUILD_PARSED_OPTS
SYNOPSIS->BUILDER_SYNOPSIS
VERBOSE->VERBOSE_LEVEL
VERSION->
WARNING_WAIT->GGLIB_WARNING_WAIT

